<?xml version="1.0" encoding="UTF-8"?>
<testsuite xmlns:xsi="http://www.w3.org/2001/XMLSchema-instance" xsi:noNamespaceSchemaLocation="https://maven.apache.org/surefire/maven-surefire-plugin/xsd/surefire-test-report-3.0.xsd" version="3.0" name="com.descartes_api.DescartesApiApplicationTests" time="24.859" tests="1" errors="0" skipped="0" failures="0">
  <properties>
[...]
</properties>
  <testcase name="contextLoads" classname="com.descartes_api.DescartesApiApplicationTests" time="0.95">
    <system-out><![CDATA[02:43:02.364 [main] INFO org.springframework.test.context.support.AnnotationConfigContextLoaderUtils -- Could not detect default configuration classes for test class [com.descartes_api.DescartesApiApplicationTests]: DescartesApiApplicationTests does not declare any static, non-private, non-final, nested classes annotated with @Configuration.
02:43:02.575 [main] INFO org.springframework.boot.test.context.SpringBootTestContextBootstrapper -- Found @SpringBootConfiguration com.descartes_api.DescartesApiApplication for test class com.descartes_api.DescartesApiApplicationTests

  .   ____          _            __ _ _
 /\\ / ___'_ __ _ _(_)_ __  __ _ \ \ \ \
( ( )\___ | '_ | '_| | '_ \/ _` | \ \ \ \
 \\/  ___)| |_)| | | | | || (_| |  ) ) ) )
  '  |____| .__|_| |_|_| |_\__, | / / / /
 =========|_|==============|___/=/_/_/_/
 :: Spring Boot ::       (v3.1.0-SNAPSHOT)

2023-05-23T02:43:03.468-05:00  INFO 17880 --- [           main] c.d.DescartesApiApplicationTests         : Starting DescartesApiApplicationTests using Java 19.0.1 with PID 17880 (started by SVLudan in C:\Users\SVLudan\Desktop\ProyectoResidencia_\BackEnd\descartes_API)
2023-05-23T02:43:03.470-05:00  INFO 17880 --- [           main] c.d.DescartesApiApplicationTests         : No active profile set, falling back to 1 default profile: "default"
2023-05-23T02:43:04.813-05:00  INFO 17880 --- [           main] .s.d.r.c.RepositoryConfigurationDelegate : Bootstrapping Spring Data JPA repositories in DEFAULT mode.
2023-05-23T02:43:04.987-05:00  INFO 17880 --- [           main] .s.d.r.c.RepositoryConfigurationDelegate : Finished Spring Data repository scanning in 157 ms. Found 13 JPA repository interfaces.
2023-05-23T02:43:05.886-05:00  INFO 17880 --- [           main] o.hibernate.jpa.internal.util.LogHelper  : HHH000204: Processing PersistenceUnitInfo [name: default]
2023-05-23T02:43:06.038-05:00  INFO 17880 --- [           main] org.hibernate.Version                    : HHH000412: Hibernate ORM core version 6.2.2.Final
2023-05-23T02:43:06.044-05:00  INFO 17880 --- [           main] org.hibernate.cfg.Environment            : HHH000406: Using bytecode reflection optimizer
2023-05-23T02:43:06.569-05:00  INFO 17880 --- [           main] o.h.b.i.BytecodeProviderInitiator        : HHH000021: Bytecode provider name : bytebuddy
2023-05-23T02:43:06.880-05:00  INFO 17880 --- [           main] o.s.o.j.p.SpringPersistenceUnitInfo      : No LoadTimeWeaver setup: ignoring JPA class transformer
2023-05-23T02:43:06.926-05:00  INFO 17880 --- [           main] com.zaxxer.hikari.HikariDataSource       : HikariPool-1 - Starting...
2023-05-23T02:43:12.610-05:00  INFO 17880 --- [           main] com.zaxxer.hikari.pool.HikariPool        : HikariPool-1 - Added connection com.mysql.cj.jdbc.ConnectionImpl@74c7522c
2023-05-23T02:43:12.614-05:00  INFO 17880 --- [           main] com.zaxxer.hikari.HikariDataSource       : HikariPool-1 - Start completed.
2023-05-23T02:43:12.659-05:00  INFO 17880 --- [           main] org.hibernate.orm.dialect                : HHH035001: Using dialect: org.hibernate.dialect.MySQL57Dialect, version: 5.7
2023-05-23T02:43:12.664-05:00  WARN 17880 --- [           main] org.hibernate.orm.deprecation            : HHH90000026: MySQL57Dialect has been deprecated; use org.hibernate.dialect.MySQLDialect instead
2023-05-23T02:43:13.214-05:00  INFO 17880 --- [           main] o.h.b.i.BytecodeProviderInitiator        : HHH000021: Bytecode provider name : bytebuddy
2023-05-23T02:43:14.896-05:00  INFO 17880 --- [           main] o.h.e.t.j.p.i.JtaPlatformInitiator       : HHH000490: Using JtaPlatform implementation: [org.hibernate.engine.transaction.jta.platform.internal.NoJtaPlatform]
2023-05-23T02:43:22.677-05:00  INFO 17880 --- [           main] j.LocalContainerEntityManagerFactoryBean : Initialized JPA EntityManagerFactory for persistence unit 'default'
2023-05-23T02:43:23.407-05:00  INFO 17880 --- [           main] o.s.d.j.r.query.QueryEnhancerFactory     : Hibernate is in classpath; If applicable, HQL parser will be used.
2023-05-23T02:43:25.193-05:00  WARN 17880 --- [           main] JpaBaseConfiguration$JpaWebConfiguration : spring.jpa.open-in-view is enabled by default. Therefore, database queries may be performed during view rendering. Explicitly configure spring.jpa.open-in-view to disable this warning
2023-05-23T02:43:25.907-05:00  INFO 17880 --- [           main] c.d.DescartesApiApplicationTests         : Started DescartesApiApplicationTests in 23.028 seconds (process running for 24.793)
]]></system-out>
  </testcase>
</testsuite>